2023-09-27 17:59:12,607 [Worker-1: Loading available Gradle versions] INFO  o.e.b.c.i.u.g.PublishedGradleVersions - Gradle version information cache is up-to-date. Trying to read.
2023-09-27 17:59:28,121 [Worker-2: Updating Maven Dependencies] INFO  o.e.m.c.i.l.LifecycleMappingFactory - Using org.eclipse.m2e.jdt.JarLifecycleMapping lifecycle mapping for MavenProject: com.smart:SmartContactManager:0.0.1-SNAPSHOT @ C:\Users\91937\Desktop\SpringBootProject\Thymeleaf\SmartContactManager\pom.xml.
2023-09-27 18:02:45,219 [Worker-0: Loading available Gradle versions] INFO  o.e.b.c.i.u.g.PublishedGradleVersions - Gradle version information cache is up-to-date. Trying to read.
2023-09-27 18:02:49,330 [Worker-1: Updating Maven Dependencies] INFO  o.e.m.c.i.l.LifecycleMappingFactory - Using org.eclipse.m2e.jdt.JarLifecycleMapping lifecycle mapping for MavenProject: com.smart:SmartContactManager:0.0.1-SNAPSHOT @ C:\Users\91937\Desktop\SpringBootProject\Thymeleaf\SmartContactManager\pom.xml.
2023-09-27 18:03:02,874 [Worker-1: Building] INFO  o.a.m.s.f.DefaultMavenResourcesFiltering - Copying 1 resource from src\main\resources to target\classes
2023-09-27 18:03:02,934 [Worker-1: Building] INFO  o.a.m.s.f.DefaultMavenResourcesFiltering - Copying 2 resources from src\main\resources to target\classes
2023-09-27 18:03:03,011 [Worker-1: Building] INFO  o.a.m.s.f.DefaultMavenResourcesFiltering - skip non existing resourceDirectory C:\Users\91937\Desktop\SpringBootProject\Thymeleaf\SmartContactManager\src\test\resources
2023-09-27 18:04:23,582 [Worker-9: Updating Maven Project] INFO  o.e.m.c.i.p.ProjectConfigurationManager - Update started
2023-09-27 18:04:24,311 [Worker-9: Updating Maven Project] INFO  o.e.m.c.i.l.LifecycleMappingFactory - Using org.eclipse.m2e.jdt.JarLifecycleMapping lifecycle mapping for MavenProject: com.smart:SmartContactManager:0.0.1-SNAPSHOT @ C:\Users\91937\Desktop\SpringBootProject\Thymeleaf\SmartContactManager\pom.xml.
2023-09-27 18:04:25,206 [Worker-9: Updating Maven Project] INFO  o.e.m.j.i.AbstractJavaProjectConfigurator - Adding source folder /SmartContactManager/src/main/java
2023-09-27 18:04:25,207 [Worker-9: Updating Maven Project] INFO  o.e.m.j.i.AbstractJavaProjectConfigurator - Adding resource folder /SmartContactManager/src/main/resources
2023-09-27 18:04:25,208 [Worker-9: Updating Maven Project] INFO  o.e.m.j.i.AbstractJavaProjectConfigurator - Adding resource folder /SmartContactManager/src/main/resources
2023-09-27 18:04:25,209 [Worker-9: Updating Maven Project] INFO  o.e.m.j.i.AbstractJavaProjectConfigurator - Adding source folder /SmartContactManager/src/test/java
2023-09-27 18:04:25,956 [Worker-9: Updating Maven Project] INFO  o.e.m.c.i.p.ProjectConfigurationManager - Update completed: 2 sec
2023-09-27 18:04:26,432 [Worker-11: Building] INFO  o.a.m.s.f.DefaultMavenResourcesFiltering - Copying 1 resource from src\main\resources to target\classes
2023-09-27 18:04:26,464 [Worker-11: Building] INFO  o.a.m.s.f.DefaultMavenResourcesFiltering - Copying 2 resources from src\main\resources to target\classes
2023-09-27 18:04:26,486 [Worker-11: Building] INFO  o.a.m.s.f.DefaultMavenResourcesFiltering - skip non existing resourceDirectory C:\Users\91937\Desktop\SpringBootProject\Thymeleaf\SmartContactManager\src\test\resources
2023-09-27 18:10:17,273 [Worker-16: Building] INFO  o.a.m.s.f.DefaultMavenResourcesFiltering - Copying 0 resource from src\main\resources to target\classes
2023-09-27 18:10:17,275 [Worker-16: Building] INFO  o.a.m.s.f.DefaultMavenResourcesFiltering - Copying 0 resource from src\main\resources to target\classes
2023-09-27 18:10:17,281 [Worker-16: Building] INFO  o.a.m.s.f.DefaultMavenResourcesFiltering - skip non existing resourceDirectory C:\Users\91937\Desktop\SpringBootProject\Thymeleaf\SmartContactManager\src\test\resources
2023-09-27 18:10:29,537 [Worker-15: Building] INFO  o.a.m.s.f.DefaultMavenResourcesFiltering - Copying 0 resource from src\main\resources to target\classes
2023-09-27 18:10:29,538 [Worker-15: Building] INFO  o.a.m.s.f.DefaultMavenResourcesFiltering - Copying 1 resource from src\main\resources to target\classes
2023-09-27 18:10:29,574 [Worker-15: Building] INFO  o.a.m.s.f.DefaultMavenResourcesFiltering - skip non existing resourceDirectory C:\Users\91937\Desktop\SpringBootProject\Thymeleaf\SmartContactManager\src\test\resources
2023-09-27 18:11:15,702 [Worker-10: Updating Maven Project] INFO  o.e.m.c.i.p.ProjectConfigurationManager - Update started
2023-09-27 18:11:16,285 [Worker-10: Updating Maven Project] INFO  o.e.m.c.i.l.LifecycleMappingFactory - Using org.eclipse.m2e.jdt.JarLifecycleMapping lifecycle mapping for MavenProject: com.smart:SmartContactManager:0.0.1-SNAPSHOT @ C:\Users\91937\Desktop\SpringBootProject\Thymeleaf\SmartContactManager\pom.xml.
2023-09-27 18:11:17,174 [Worker-10: Updating Maven Project] INFO  o.e.m.j.i.AbstractJavaProjectConfigurator - Adding source folder /SmartContactManager/src/main/java
2023-09-27 18:11:17,175 [Worker-10: Updating Maven Project] INFO  o.e.m.j.i.AbstractJavaProjectConfigurator - Adding resource folder /SmartContactManager/src/main/resources
2023-09-27 18:11:17,176 [Worker-10: Updating Maven Project] INFO  o.e.m.j.i.AbstractJavaProjectConfigurator - Adding resource folder /SmartContactManager/src/main/resources
2023-09-27 18:11:17,178 [Worker-10: Updating Maven Project] INFO  o.e.m.j.i.AbstractJavaProjectConfigurator - Adding source folder /SmartContactManager/src/test/java
2023-09-27 18:11:17,821 [Worker-10: Updating Maven Project] INFO  o.e.m.c.i.p.ProjectConfigurationManager - Update completed: 2 sec
2023-09-27 18:11:18,475 [Worker-15: Building] INFO  o.a.m.s.f.DefaultMavenResourcesFiltering - Copying 1 resource from src\main\resources to target\classes
2023-09-27 18:11:18,503 [Worker-15: Building] INFO  o.a.m.s.f.DefaultMavenResourcesFiltering - Copying 2 resources from src\main\resources to target\classes
2023-09-27 18:11:18,514 [Worker-15: Building] INFO  o.a.m.s.f.DefaultMavenResourcesFiltering - skip non existing resourceDirectory C:\Users\91937\Desktop\SpringBootProject\Thymeleaf\SmartContactManager\src\test\resources
2023-09-27 18:13:46,343 [Worker-10: Building] INFO  o.a.m.s.f.DefaultMavenResourcesFiltering - Copying 0 resource from src\main\resources to target\classes
2023-09-27 18:13:46,345 [Worker-10: Building] INFO  o.a.m.s.f.DefaultMavenResourcesFiltering - Copying 0 resource from src\main\resources to target\classes
2023-09-27 18:13:46,352 [Worker-10: Building] INFO  o.a.m.s.f.DefaultMavenResourcesFiltering - skip non existing resourceDirectory C:\Users\91937\Desktop\SpringBootProject\Thymeleaf\SmartContactManager\src\test\resources
2023-09-27 18:14:46,479 [Worker-10: Building] INFO  o.a.m.s.f.DefaultMavenResourcesFiltering - Copying 0 resource from src\main\resources to target\classes
2023-09-27 18:14:46,480 [Worker-10: Building] INFO  o.a.m.s.f.DefaultMavenResourcesFiltering - Copying 0 resource from src\main\resources to target\classes
2023-09-27 18:14:46,484 [Worker-10: Building] INFO  o.a.m.s.f.DefaultMavenResourcesFiltering - skip non existing resourceDirectory C:\Users\91937\Desktop\SpringBootProject\Thymeleaf\SmartContactManager\src\test\resources
2023-09-27 18:19:44,264 [Worker-0: Loading available Gradle versions] INFO  o.e.b.c.i.u.g.PublishedGradleVersions - Gradle version information cache is up-to-date. Trying to read.
2023-09-27 18:20:55,242 [Worker-1: Loading available Gradle versions] INFO  o.e.b.c.i.u.g.PublishedGradleVersions - Gradle version information cache is up-to-date. Trying to read.
2023-09-27 18:25:35,671 [Worker-8: Building] INFO  o.a.m.s.f.DefaultMavenResourcesFiltering - Copying 1 resource from src\main\resources to target\classes
2023-09-27 18:25:35,703 [Worker-8: Building] INFO  o.a.m.s.f.DefaultMavenResourcesFiltering - Copying 2 resources from src\main\resources to target\classes
2023-09-27 18:25:35,719 [Worker-8: Building] INFO  o.a.m.s.f.DefaultMavenResourcesFiltering - skip non existing resourceDirectory C:\Users\91937\Desktop\SpringBootProject\Thymeleaf\SmartContactManager\src\test\resources
2023-09-27 18:26:20,005 [Worker-14: Launching Executing install in C__Users_91937_Desktop_SpringBootProject_Thymeleaf_SmartContactManager] INFO  o.e.m.i.launch.MavenLaunchDelegate - C:\Users\91937\Desktop\SpringBootProject\Thymeleaf\SmartContactManager
2023-09-27 18:26:20,009 [Worker-14: Launching Executing install in C__Users_91937_Desktop_SpringBootProject_Thymeleaf_SmartContactManager] INFO  o.e.m.i.launch.MavenLaunchDelegate -  mvn -Ppom.xml -B -Dstyle.color=always install
2023-09-27 18:28:46,009 [main] INFO  o.e.m2e.actions.ExecutePomAction - Creating new launch configuration
2023-09-27 18:28:53,213 [Worker-14: Launching SmartContactManager] INFO  o.e.m.i.launch.MavenLaunchDelegate - C:\Users\91937\Desktop\SpringBootProject\Thymeleaf\SmartContactManager
2023-09-27 18:28:53,214 [Worker-14: Launching SmartContactManager] INFO  o.e.m.i.launch.MavenLaunchDelegate -  mvn -Ppom.xml -B -Dstyle.color=always 
2023-09-27 18:30:07,743 [main] INFO  o.e.m2e.actions.ExecutePomAction - Using existing launch configuration
2023-09-27 18:30:12,326 [Worker-16: Launching SmartContactManager] INFO  o.e.m.i.launch.MavenLaunchDelegate - C:\Users\91937\Desktop\SpringBootProject\Thymeleaf\SmartContactManager
2023-09-27 18:30:12,327 [Worker-16: Launching SmartContactManager] INFO  o.e.m.i.launch.MavenLaunchDelegate -  mvn -Ppom.xml -B -Dstyle.color=always 
2023-09-27 18:33:01,948 [Worker-15: Launching SmartContactManager] INFO  o.e.m.i.launch.MavenLaunchDelegate - C:\Users\91937\Desktop\SpringBootProject\Thymeleaf\SmartContactManager
2023-09-27 18:33:01,948 [Worker-15: Launching SmartContactManager] INFO  o.e.m.i.launch.MavenLaunchDelegate -  mvn -B -Dstyle.color=always 
2023-09-27 18:36:43,829 [Worker-19: Building] INFO  o.a.m.s.f.DefaultMavenResourcesFiltering - Copying 0 resource from src\main\resources to target\classes
2023-09-27 18:36:43,830 [Worker-19: Building] INFO  o.a.m.s.f.DefaultMavenResourcesFiltering - Copying 0 resource from src\main\resources to target\classes
2023-09-27 18:36:43,838 [Worker-19: Building] INFO  o.a.m.s.f.DefaultMavenResourcesFiltering - skip non existing resourceDirectory C:\Users\91937\Desktop\SpringBootProject\Thymeleaf\SmartContactManager\src\test\resources
